[2023-06-14 02:47:10] local.ERROR: Command "db:migrate" is not defined.

Did you mean one of these?
    db
    db:monitor
    db:seed
    db:show
    db:table
    db:wipe
    migrate {"exception":"[object] (Symfony\\Component\\Console\\Exception\\CommandNotFoundException(code: 0): Command \"db:migrate\" is not defined.

Did you mean one of these?
    db
    db:monitor
    db:seed
    db:show
    db:table
    db:wipe
    migrate at /home/bima/Documents/Developer/Laravel/erp_api/api_erp/vendor/symfony/console/Application.php:694)
[stacktrace]
#0 /home/bima/Documents/Developer/Laravel/erp_api/api_erp/vendor/symfony/console/Application.php(259): Symfony\\Component\\Console\\Application->find()
#1 /home/bima/Documents/Developer/Laravel/erp_api/api_erp/vendor/symfony/console/Application.php(171): Symfony\\Component\\Console\\Application->doRun()
#2 /home/bima/Documents/Developer/Laravel/erp_api/api_erp/vendor/laravel/framework/src/Illuminate/Console/Application.php(102): Symfony\\Component\\Console\\Application->run()
#3 /home/bima/Documents/Developer/Laravel/erp_api/api_erp/vendor/laravel/framework/src/Illuminate/Foundation/Console/Kernel.php(155): Illuminate\\Console\\Application->run()
#4 /home/bima/Documents/Developer/Laravel/erp_api/api_erp/artisan(37): Illuminate\\Foundation\\Console\\Kernel->handle()
#5 {main}
"} 
[2023-06-14 02:47:27] local.ERROR: could not find driver (SQL: select * from information_schema.tables where table_schema = erp_api and table_name = migrations and table_type = 'BASE TABLE') {"exception":"[object] (Illuminate\\Database\\QueryException(code: 0): could not find driver (SQL: select * from information_schema.tables where table_schema = erp_api and table_name = migrations and table_type = 'BASE TABLE') at /home/bima/Documents/Developer/Laravel/erp_api/api_erp/vendor/laravel/framework/src/Illuminate/Database/Connection.php:760)
[stacktrace]
#0 /home/bima/Documents/Developer/Laravel/erp_api/api_erp/vendor/laravel/framework/src/Illuminate/Database/Connection.php(720): Illuminate\\Database\\Connection->runQueryCallback()
#1 /home/bima/Documents/Developer/Laravel/erp_api/api_erp/vendor/laravel/framework/src/Illuminate/Database/Connection.php(422): Illuminate\\Database\\Connection->run()
#2 /home/bima/Documents/Developer/Laravel/erp_api/api_erp/vendor/laravel/framework/src/Illuminate/Database/Connection.php(392): Illuminate\\Database\\Connection->select()
#3 /home/bima/Documents/Developer/Laravel/erp_api/api_erp/vendor/laravel/framework/src/Illuminate/Database/Schema/MySqlBuilder.php(44): Illuminate\\Database\\Connection->selectFromWriteConnection()
#4 /home/bima/Documents/Developer/Laravel/erp_api/api_erp/vendor/laravel/framework/src/Illuminate/Database/Migrations/DatabaseMigrationRepository.php(169): Illuminate\\Database\\Schema\\MySqlBuilder->hasTable()
#5 /home/bima/Documents/Developer/Laravel/erp_api/api_erp/vendor/laravel/framework/src/Illuminate/Database/Migrations/Migrator.php(695): Illuminate\\Database\\Migrations\\DatabaseMigrationRepository->repositoryExists()
#6 /home/bima/Documents/Developer/Laravel/erp_api/api_erp/vendor/laravel/framework/src/Illuminate/Database/Console/Migrations/MigrateCommand.php(138): Illuminate\\Database\\Migrations\\Migrator->repositoryExists()
#7 /home/bima/Documents/Developer/Laravel/erp_api/api_erp/vendor/laravel/framework/src/Illuminate/Support/helpers.php(247): Illuminate\\Database\\Console\\Migrations\\MigrateCommand->Illuminate\\Database\\Console\\Migrations\\{closure}()
#8 /home/bima/Documents/Developer/Laravel/erp_api/api_erp/vendor/laravel/framework/src/Illuminate/Database/Console/Migrations/MigrateCommand.php(157): retry()
#9 /home/bima/Documents/Developer/Laravel/erp_api/api_erp/vendor/laravel/framework/src/Illuminate/Database/Console/Migrations/MigrateCommand.php(114): Illuminate\\Database\\Console\\Migrations\\MigrateCommand->repositoryExists()
#10 /home/bima/Documents/Developer/Laravel/erp_api/api_erp/vendor/laravel/framework/src/Illuminate/Database/Console/Migrations/MigrateCommand.php(82): Illuminate\\Database\\Console\\Migrations\\MigrateCommand->prepareDatabase()
#11 /home/bima/Documents/Developer/Laravel/erp_api/api_erp/vendor/laravel/framework/src/Illuminate/Database/Migrations/Migrator.php(628): Illuminate\\Database\\Console\\Migrations\\MigrateCommand->Illuminate\\Database\\Console\\Migrations\\{closure}()
#12 /home/bima/Documents/Developer/Laravel/erp_api/api_erp/vendor/laravel/framework/src/Illuminate/Database/Console/Migrations/MigrateCommand.php(102): Illuminate\\Database\\Migrations\\Migrator->usingConnection()
#13 /home/bima/Documents/Developer/Laravel/erp_api/api_erp/vendor/laravel/framework/src/Illuminate/Container/BoundMethod.php(36): Illuminate\\Database\\Console\\Migrations\\MigrateCommand->handle()
#14 /home/bima/Documents/Developer/Laravel/erp_api/api_erp/vendor/laravel/framework/src/Illuminate/Container/Util.php(41): Illuminate\\Container\\BoundMethod::Illuminate\\Container\\{closure}()
#15 /home/bima/Documents/Developer/Laravel/erp_api/api_erp/vendor/laravel/framework/src/Illuminate/Container/BoundMethod.php(93): Illuminate\\Container\\Util::unwrapIfClosure()
#16 /home/bima/Documents/Developer/Laravel/erp_api/api_erp/vendor/laravel/framework/src/Illuminate/Container/BoundMethod.php(37): Illuminate\\Container\\BoundMethod::callBoundMethod()
#17 /home/bima/Documents/Developer/Laravel/erp_api/api_erp/vendor/laravel/framework/src/Illuminate/Container/Container.php(661): Illuminate\\Container\\BoundMethod::call()
#18 /home/bima/Documents/Developer/Laravel/erp_api/api_erp/vendor/laravel/framework/src/Illuminate/Console/Command.php(183): Illuminate\\Container\\Container->call()
#19 /home/bima/Documents/Developer/Laravel/erp_api/api_erp/vendor/symfony/console/Command/Command.php(291): Illuminate\\Console\\Command->execute()
#20 /home/bima/Documents/Developer/Laravel/erp_api/api_erp/vendor/laravel/framework/src/Illuminate/Console/Command.php(153): Symfony\\Component\\Console\\Command\\Command->run()
#21 /home/bima/Documents/Developer/Laravel/erp_api/api_erp/vendor/symfony/console/Application.php(1014): Illuminate\\Console\\Command->run()
#22 /home/bima/Documents/Developer/Laravel/erp_api/api_erp/vendor/symfony/console/Application.php(301): Symfony\\Component\\Console\\Application->doRunCommand()
#23 /home/bima/Documents/Developer/Laravel/erp_api/api_erp/vendor/symfony/console/Application.php(171): Symfony\\Component\\Console\\Application->doRun()
#24 /home/bima/Documents/Developer/Laravel/erp_api/api_erp/vendor/laravel/framework/src/Illuminate/Console/Application.php(102): Symfony\\Component\\Console\\Application->run()
#25 /home/bima/Documents/Developer/Laravel/erp_api/api_erp/vendor/laravel/framework/src/Illuminate/Foundation/Console/Kernel.php(155): Illuminate\\Console\\Application->run()
#26 /home/bima/Documents/Developer/Laravel/erp_api/api_erp/artisan(37): Illuminate\\Foundation\\Console\\Kernel->handle()
#27 {main}

[previous exception] [object] (PDOException(code: 0): could not find driver at /home/bima/Documents/Developer/Laravel/erp_api/api_erp/vendor/laravel/framework/src/Illuminate/Database/Connectors/Connector.php:70)
[stacktrace]
#0 /home/bima/Documents/Developer/Laravel/erp_api/api_erp/vendor/laravel/framework/src/Illuminate/Database/Connectors/Connector.php(70): PDO->__construct()
#1 /home/bima/Documents/Developer/Laravel/erp_api/api_erp/vendor/laravel/framework/src/Illuminate/Database/Connectors/Connector.php(46): Illuminate\\Database\\Connectors\\Connector->createPdoConnection()
#2 /home/bima/Documents/Developer/Laravel/erp_api/api_erp/vendor/laravel/framework/src/Illuminate/Database/Connectors/MySqlConnector.php(24): Illuminate\\Database\\Connectors\\Connector->createConnection()
#3 /home/bima/Documents/Developer/Laravel/erp_api/api_erp/vendor/laravel/framework/src/Illuminate/Database/Connectors/ConnectionFactory.php(184): Illuminate\\Database\\Connectors\\MySqlConnector->connect()
#4 [internal function]: Illuminate\\Database\\Connectors\\ConnectionFactory->Illuminate\\Database\\Connectors\\{closure}()
#5 /home/bima/Documents/Developer/Laravel/erp_api/api_erp/vendor/laravel/framework/src/Illuminate/Database/Connection.php(1181): call_user_func()
#6 /home/bima/Documents/Developer/Laravel/erp_api/api_erp/vendor/laravel/framework/src/Illuminate/Database/Connection.php(486): Illuminate\\Database\\Connection->getPdo()
#7 /home/bima/Documents/Developer/Laravel/erp_api/api_erp/vendor/laravel/framework/src/Illuminate/Database/Connection.php(414): Illuminate\\Database\\Connection->getPdoForSelect()
#8 /home/bima/Documents/Developer/Laravel/erp_api/api_erp/vendor/laravel/framework/src/Illuminate/Database/Connection.php(753): Illuminate\\Database\\Connection->Illuminate\\Database\\{closure}()
#9 /home/bima/Documents/Developer/Laravel/erp_api/api_erp/vendor/laravel/framework/src/Illuminate/Database/Connection.php(720): Illuminate\\Database\\Connection->runQueryCallback()
#10 /home/bima/Documents/Developer/Laravel/erp_api/api_erp/vendor/laravel/framework/src/Illuminate/Database/Connection.php(422): Illuminate\\Database\\Connection->run()
#11 /home/bima/Documents/Developer/Laravel/erp_api/api_erp/vendor/laravel/framework/src/Illuminate/Database/Connection.php(392): Illuminate\\Database\\Connection->select()
#12 /home/bima/Documents/Developer/Laravel/erp_api/api_erp/vendor/laravel/framework/src/Illuminate/Database/Schema/MySqlBuilder.php(44): Illuminate\\Database\\Connection->selectFromWriteConnection()
#13 /home/bima/Documents/Developer/Laravel/erp_api/api_erp/vendor/laravel/framework/src/Illuminate/Database/Migrations/DatabaseMigrationRepository.php(169): Illuminate\\Database\\Schema\\MySqlBuilder->hasTable()
#14 /home/bima/Documents/Developer/Laravel/erp_api/api_erp/vendor/laravel/framework/src/Illuminate/Database/Migrations/Migrator.php(695): Illuminate\\Database\\Migrations\\DatabaseMigrationRepository->repositoryExists()
#15 /home/bima/Documents/Developer/Laravel/erp_api/api_erp/vendor/laravel/framework/src/Illuminate/Database/Console/Migrations/MigrateCommand.php(138): Illuminate\\Database\\Migrations\\Migrator->repositoryExists()
#16 /home/bima/Documents/Developer/Laravel/erp_api/api_erp/vendor/laravel/framework/src/Illuminate/Support/helpers.php(247): Illuminate\\Database\\Console\\Migrations\\MigrateCommand->Illuminate\\Database\\Console\\Migrations\\{closure}()
#17 /home/bima/Documents/Developer/Laravel/erp_api/api_erp/vendor/laravel/framework/src/Illuminate/Database/Console/Migrations/MigrateCommand.php(157): retry()
#18 /home/bima/Documents/Developer/Laravel/erp_api/api_erp/vendor/laravel/framework/src/Illuminate/Database/Console/Migrations/MigrateCommand.php(114): Illuminate\\Database\\Console\\Migrations\\MigrateCommand->repositoryExists()
#19 /home/bima/Documents/Developer/Laravel/erp_api/api_erp/vendor/laravel/framework/src/Illuminate/Database/Console/Migrations/MigrateCommand.php(82): Illuminate\\Database\\Console\\Migrations\\MigrateCommand->prepareDatabase()
#20 /home/bima/Documents/Developer/Laravel/erp_api/api_erp/vendor/laravel/framework/src/Illuminate/Database/Migrations/Migrator.php(628): Illuminate\\Database\\Console\\Migrations\\MigrateCommand->Illuminate\\Database\\Console\\Migrations\\{closure}()
#21 /home/bima/Documents/Developer/Laravel/erp_api/api_erp/vendor/laravel/framework/src/Illuminate/Database/Console/Migrations/MigrateCommand.php(102): Illuminate\\Database\\Migrations\\Migrator->usingConnection()
#22 /home/bima/Documents/Developer/Laravel/erp_api/api_erp/vendor/laravel/framework/src/Illuminate/Container/BoundMethod.php(36): Illuminate\\Database\\Console\\Migrations\\MigrateCommand->handle()
#23 /home/bima/Documents/Developer/Laravel/erp_api/api_erp/vendor/laravel/framework/src/Illuminate/Container/Util.php(41): Illuminate\\Container\\BoundMethod::Illuminate\\Container\\{closure}()
#24 /home/bima/Documents/Developer/Laravel/erp_api/api_erp/vendor/laravel/framework/src/Illuminate/Container/BoundMethod.php(93): Illuminate\\Container\\Util::unwrapIfClosure()
#25 /home/bima/Documents/Developer/Laravel/erp_api/api_erp/vendor/laravel/framework/src/Illuminate/Container/BoundMethod.php(37): Illuminate\\Container\\BoundMethod::callBoundMethod()
#26 /home/bima/Documents/Developer/Laravel/erp_api/api_erp/vendor/laravel/framework/src/Illuminate/Container/Container.php(661): Illuminate\\Container\\BoundMethod::call()
#27 /home/bima/Documents/Developer/Laravel/erp_api/api_erp/vendor/laravel/framework/src/Illuminate/Console/Command.php(183): Illuminate\\Container\\Container->call()
#28 /home/bima/Documents/Developer/Laravel/erp_api/api_erp/vendor/symfony/console/Command/Command.php(291): Illuminate\\Console\\Command->execute()
#29 /home/bima/Documents/Developer/Laravel/erp_api/api_erp/vendor/laravel/framework/src/Illuminate/Console/Command.php(153): Symfony\\Component\\Console\\Command\\Command->run()
#30 /home/bima/Documents/Developer/Laravel/erp_api/api_erp/vendor/symfony/console/Application.php(1014): Illuminate\\Console\\Command->run()
#31 /home/bima/Documents/Developer/Laravel/erp_api/api_erp/vendor/symfony/console/Application.php(301): Symfony\\Component\\Console\\Application->doRunCommand()
#32 /home/bima/Documents/Developer/Laravel/erp_api/api_erp/vendor/symfony/console/Application.php(171): Symfony\\Component\\Console\\Application->doRun()
#33 /home/bima/Documents/Developer/Laravel/erp_api/api_erp/vendor/laravel/framework/src/Illuminate/Console/Application.php(102): Symfony\\Component\\Console\\Application->run()
#34 /home/bima/Documents/Developer/Laravel/erp_api/api_erp/vendor/laravel/framework/src/Illuminate/Foundation/Console/Kernel.php(155): Illuminate\\Console\\Application->run()
#35 /home/bima/Documents/Developer/Laravel/erp_api/api_erp/artisan(37): Illuminate\\Foundation\\Console\\Kernel->handle()
#36 {main}
"} 
[2023-06-14 02:47:49] local.ERROR: could not find driver (SQL: select * from information_schema.tables where table_schema = erp_api and table_name = migrations and table_type = 'BASE TABLE') {"exception":"[object] (Illuminate\\Database\\QueryException(code: 0): could not find driver (SQL: select * from information_schema.tables where table_schema = erp_api and table_name = migrations and table_type = 'BASE TABLE') at /home/bima/Documents/Developer/Laravel/erp_api/api_erp/vendor/laravel/framework/src/Illuminate/Database/Connection.php:760)
[stacktrace]
#0 /home/bima/Documents/Developer/Laravel/erp_api/api_erp/vendor/laravel/framework/src/Illuminate/Database/Connection.php(720): Illuminate\\Database\\Connection->runQueryCallback()
#1 /home/bima/Documents/Developer/Laravel/erp_api/api_erp/vendor/laravel/framework/src/Illuminate/Database/Connection.php(422): Illuminate\\Database\\Connection->run()
#2 /home/bima/Documents/Developer/Laravel/erp_api/api_erp/vendor/laravel/framework/src/Illuminate/Database/Connection.php(392): Illuminate\\Database\\Connection->select()
#3 /home/bima/Documents/Developer/Laravel/erp_api/api_erp/vendor/laravel/framework/src/Illuminate/Database/Schema/MySqlBuilder.php(44): Illuminate\\Database\\Connection->selectFromWriteConnection()
#4 /home/bima/Documents/Developer/Laravel/erp_api/api_erp/vendor/laravel/framework/src/Illuminate/Database/Migrations/DatabaseMigrationRepository.php(169): Illuminate\\Database\\Schema\\MySqlBuilder->hasTable()
#5 /home/bima/Documents/Developer/Laravel/erp_api/api_erp/vendor/laravel/framework/src/Illuminate/Database/Migrations/Migrator.php(695): Illuminate\\Database\\Migrations\\DatabaseMigrationRepository->repositoryExists()
#6 /home/bima/Documents/Developer/Laravel/erp_api/api_erp/vendor/laravel/framework/src/Illuminate/Database/Console/Migrations/MigrateCommand.php(138): Illuminate\\Database\\Migrations\\Migrator->repositoryExists()
#7 /home/bima/Documents/Developer/Laravel/erp_api/api_erp/vendor/laravel/framework/src/Illuminate/Support/helpers.php(247): Illuminate\\Database\\Console\\Migrations\\MigrateCommand->Illuminate\\Database\\Console\\Migrations\\{closure}()
#8 /home/bima/Documents/Developer/Laravel/erp_api/api_erp/vendor/laravel/framework/src/Illuminate/Database/Console/Migrations/MigrateCommand.php(157): retry()
#9 /home/bima/Documents/Developer/Laravel/erp_api/api_erp/vendor/laravel/framework/src/Illuminate/Database/Console/Migrations/MigrateCommand.php(114): Illuminate\\Database\\Console\\Migrations\\MigrateCommand->repositoryExists()
#10 /home/bima/Documents/Developer/Laravel/erp_api/api_erp/vendor/laravel/framework/src/Illuminate/Database/Console/Migrations/MigrateCommand.php(82): Illuminate\\Database\\Console\\Migrations\\MigrateCommand->prepareDatabase()
#11 /home/bima/Documents/Developer/Laravel/erp_api/api_erp/vendor/laravel/framework/src/Illuminate/Database/Migrations/Migrator.php(628): Illuminate\\Database\\Console\\Migrations\\MigrateCommand->Illuminate\\Database\\Console\\Migrations\\{closure}()
#12 /home/bima/Documents/Developer/Laravel/erp_api/api_erp/vendor/laravel/framework/src/Illuminate/Database/Console/Migrations/MigrateCommand.php(102): Illuminate\\Database\\Migrations\\Migrator->usingConnection()
#13 /home/bima/Documents/Developer/Laravel/erp_api/api_erp/vendor/laravel/framework/src/Illuminate/Container/BoundMethod.php(36): Illuminate\\Database\\Console\\Migrations\\MigrateCommand->handle()
#14 /home/bima/Documents/Developer/Laravel/erp_api/api_erp/vendor/laravel/framework/src/Illuminate/Container/Util.php(41): Illuminate\\Container\\BoundMethod::Illuminate\\Container\\{closure}()
#15 /home/bima/Documents/Developer/Laravel/erp_api/api_erp/vendor/laravel/framework/src/Illuminate/Container/BoundMethod.php(93): Illuminate\\Container\\Util::unwrapIfClosure()
#16 /home/bima/Documents/Developer/Laravel/erp_api/api_erp/vendor/laravel/framework/src/Illuminate/Container/BoundMethod.php(37): Illuminate\\Container\\BoundMethod::callBoundMethod()
#17 /home/bima/Documents/Developer/Laravel/erp_api/api_erp/vendor/laravel/framework/src/Illuminate/Container/Container.php(661): Illuminate\\Container\\BoundMethod::call()
#18 /home/bima/Documents/Developer/Laravel/erp_api/api_erp/vendor/laravel/framework/src/Illuminate/Console/Command.php(183): Illuminate\\Container\\Container->call()
#19 /home/bima/Documents/Developer/Laravel/erp_api/api_erp/vendor/symfony/console/Command/Command.php(291): Illuminate\\Console\\Command->execute()
#20 /home/bima/Documents/Developer/Laravel/erp_api/api_erp/vendor/laravel/framework/src/Illuminate/Console/Command.php(153): Symfony\\Component\\Console\\Command\\Command->run()
#21 /home/bima/Documents/Developer/Laravel/erp_api/api_erp/vendor/symfony/console/Application.php(1014): Illuminate\\Console\\Command->run()
#22 /home/bima/Documents/Developer/Laravel/erp_api/api_erp/vendor/symfony/console/Application.php(301): Symfony\\Component\\Console\\Application->doRunCommand()
#23 /home/bima/Documents/Developer/Laravel/erp_api/api_erp/vendor/symfony/console/Application.php(171): Symfony\\Component\\Console\\Application->doRun()
#24 /home/bima/Documents/Developer/Laravel/erp_api/api_erp/vendor/laravel/framework/src/Illuminate/Console/Application.php(102): Symfony\\Component\\Console\\Application->run()
#25 /home/bima/Documents/Developer/Laravel/erp_api/api_erp/vendor/laravel/framework/src/Illuminate/Foundation/Console/Kernel.php(155): Illuminate\\Console\\Application->run()
#26 /home/bima/Documents/Developer/Laravel/erp_api/api_erp/artisan(37): Illuminate\\Foundation\\Console\\Kernel->handle()
#27 {main}

[previous exception] [object] (PDOException(code: 0): could not find driver at /home/bima/Documents/Developer/Laravel/erp_api/api_erp/vendor/laravel/framework/src/Illuminate/Database/Connectors/Connector.php:70)
[stacktrace]
#0 /home/bima/Documents/Developer/Laravel/erp_api/api_erp/vendor/laravel/framework/src/Illuminate/Database/Connectors/Connector.php(70): PDO->__construct()
#1 /home/bima/Documents/Developer/Laravel/erp_api/api_erp/vendor/laravel/framework/src/Illuminate/Database/Connectors/Connector.php(46): Illuminate\\Database\\Connectors\\Connector->createPdoConnection()
#2 /home/bima/Documents/Developer/Laravel/erp_api/api_erp/vendor/laravel/framework/src/Illuminate/Database/Connectors/MySqlConnector.php(24): Illuminate\\Database\\Connectors\\Connector->createConnection()
#3 /home/bima/Documents/Developer/Laravel/erp_api/api_erp/vendor/laravel/framework/src/Illuminate/Database/Connectors/ConnectionFactory.php(184): Illuminate\\Database\\Connectors\\MySqlConnector->connect()
#4 [internal function]: Illuminate\\Database\\Connectors\\ConnectionFactory->Illuminate\\Database\\Connectors\\{closure}()
#5 /home/bima/Documents/Developer/Laravel/erp_api/api_erp/vendor/laravel/framework/src/Illuminate/Database/Connection.php(1181): call_user_func()
#6 /home/bima/Documents/Developer/Laravel/erp_api/api_erp/vendor/laravel/framework/src/Illuminate/Database/Connection.php(486): Illuminate\\Database\\Connection->getPdo()
#7 /home/bima/Documents/Developer/Laravel/erp_api/api_erp/vendor/laravel/framework/src/Illuminate/Database/Connection.php(414): Illuminate\\Database\\Connection->getPdoForSelect()
#8 /home/bima/Documents/Developer/Laravel/erp_api/api_erp/vendor/laravel/framework/src/Illuminate/Database/Connection.php(753): Illuminate\\Database\\Connection->Illuminate\\Database\\{closure}()
#9 /home/bima/Documents/Developer/Laravel/erp_api/api_erp/vendor/laravel/framework/src/Illuminate/Database/Connection.php(720): Illuminate\\Database\\Connection->runQueryCallback()
#10 /home/bima/Documents/Developer/Laravel/erp_api/api_erp/vendor/laravel/framework/src/Illuminate/Database/Connection.php(422): Illuminate\\Database\\Connection->run()
#11 /home/bima/Documents/Developer/Laravel/erp_api/api_erp/vendor/laravel/framework/src/Illuminate/Database/Connection.php(392): Illuminate\\Database\\Connection->select()
#12 /home/bima/Documents/Developer/Laravel/erp_api/api_erp/vendor/laravel/framework/src/Illuminate/Database/Schema/MySqlBuilder.php(44): Illuminate\\Database\\Connection->selectFromWriteConnection()
#13 /home/bima/Documents/Developer/Laravel/erp_api/api_erp/vendor/laravel/framework/src/Illuminate/Database/Migrations/DatabaseMigrationRepository.php(169): Illuminate\\Database\\Schema\\MySqlBuilder->hasTable()
#14 /home/bima/Documents/Developer/Laravel/erp_api/api_erp/vendor/laravel/framework/src/Illuminate/Database/Migrations/Migrator.php(695): Illuminate\\Database\\Migrations\\DatabaseMigrationRepository->repositoryExists()
#15 /home/bima/Documents/Developer/Laravel/erp_api/api_erp/vendor/laravel/framework/src/Illuminate/Database/Console/Migrations/MigrateCommand.php(138): Illuminate\\Database\\Migrations\\Migrator->repositoryExists()
#16 /home/bima/Documents/Developer/Laravel/erp_api/api_erp/vendor/laravel/framework/src/Illuminate/Support/helpers.php(247): Illuminate\\Database\\Console\\Migrations\\MigrateCommand->Illuminate\\Database\\Console\\Migrations\\{closure}()
#17 /home/bima/Documents/Developer/Laravel/erp_api/api_erp/vendor/laravel/framework/src/Illuminate/Database/Console/Migrations/MigrateCommand.php(157): retry()
#18 /home/bima/Documents/Developer/Laravel/erp_api/api_erp/vendor/laravel/framework/src/Illuminate/Database/Console/Migrations/MigrateCommand.php(114): Illuminate\\Database\\Console\\Migrations\\MigrateCommand->repositoryExists()
#19 /home/bima/Documents/Developer/Laravel/erp_api/api_erp/vendor/laravel/framework/src/Illuminate/Database/Console/Migrations/MigrateCommand.php(82): Illuminate\\Database\\Console\\Migrations\\MigrateCommand->prepareDatabase()
#20 /home/bima/Documents/Developer/Laravel/erp_api/api_erp/vendor/laravel/framework/src/Illuminate/Database/Migrations/Migrator.php(628): Illuminate\\Database\\Console\\Migrations\\MigrateCommand->Illuminate\\Database\\Console\\Migrations\\{closure}()
#21 /home/bima/Documents/Developer/Laravel/erp_api/api_erp/vendor/laravel/framework/src/Illuminate/Database/Console/Migrations/MigrateCommand.php(102): Illuminate\\Database\\Migrations\\Migrator->usingConnection()
#22 /home/bima/Documents/Developer/Laravel/erp_api/api_erp/vendor/laravel/framework/src/Illuminate/Container/BoundMethod.php(36): Illuminate\\Database\\Console\\Migrations\\MigrateCommand->handle()
#23 /home/bima/Documents/Developer/Laravel/erp_api/api_erp/vendor/laravel/framework/src/Illuminate/Container/Util.php(41): Illuminate\\Container\\BoundMethod::Illuminate\\Container\\{closure}()
#24 /home/bima/Documents/Developer/Laravel/erp_api/api_erp/vendor/laravel/framework/src/Illuminate/Container/BoundMethod.php(93): Illuminate\\Container\\Util::unwrapIfClosure()
#25 /home/bima/Documents/Developer/Laravel/erp_api/api_erp/vendor/laravel/framework/src/Illuminate/Container/BoundMethod.php(37): Illuminate\\Container\\BoundMethod::callBoundMethod()
#26 /home/bima/Documents/Developer/Laravel/erp_api/api_erp/vendor/laravel/framework/src/Illuminate/Container/Container.php(661): Illuminate\\Container\\BoundMethod::call()
#27 /home/bima/Documents/Developer/Laravel/erp_api/api_erp/vendor/laravel/framework/src/Illuminate/Console/Command.php(183): Illuminate\\Container\\Container->call()
#28 /home/bima/Documents/Developer/Laravel/erp_api/api_erp/vendor/symfony/console/Command/Command.php(291): Illuminate\\Console\\Command->execute()
#29 /home/bima/Documents/Developer/Laravel/erp_api/api_erp/vendor/laravel/framework/src/Illuminate/Console/Command.php(153): Symfony\\Component\\Console\\Command\\Command->run()
#30 /home/bima/Documents/Developer/Laravel/erp_api/api_erp/vendor/symfony/console/Application.php(1014): Illuminate\\Console\\Command->run()
#31 /home/bima/Documents/Developer/Laravel/erp_api/api_erp/vendor/symfony/console/Application.php(301): Symfony\\Component\\Console\\Application->doRunCommand()
#32 /home/bima/Documents/Developer/Laravel/erp_api/api_erp/vendor/symfony/console/Application.php(171): Symfony\\Component\\Console\\Application->doRun()
#33 /home/bima/Documents/Developer/Laravel/erp_api/api_erp/vendor/laravel/framework/src/Illuminate/Console/Application.php(102): Symfony\\Component\\Console\\Application->run()
#34 /home/bima/Documents/Developer/Laravel/erp_api/api_erp/vendor/laravel/framework/src/Illuminate/Foundation/Console/Kernel.php(155): Illuminate\\Console\\Application->run()
#35 /home/bima/Documents/Developer/Laravel/erp_api/api_erp/artisan(37): Illuminate\\Foundation\\Console\\Kernel->handle()
#36 {main}
"} 
[2023-06-14 02:48:53] local.ERROR: could not find driver (SQL: select * from information_schema.tables where table_schema = erp_api and table_name = migrations and table_type = 'BASE TABLE') {"exception":"[object] (Illuminate\\Database\\QueryException(code: 0): could not find driver (SQL: select * from information_schema.tables where table_schema = erp_api and table_name = migrations and table_type = 'BASE TABLE') at /home/bima/Documents/Developer/Laravel/erp_api/api_erp/vendor/laravel/framework/src/Illuminate/Database/Connection.php:760)
[stacktrace]
#0 /home/bima/Documents/Developer/Laravel/erp_api/api_erp/vendor/laravel/framework/src/Illuminate/Database/Connection.php(720): Illuminate\\Database\\Connection->runQueryCallback()
#1 /home/bima/Documents/Developer/Laravel/erp_api/api_erp/vendor/laravel/framework/src/Illuminate/Database/Connection.php(422): Illuminate\\Database\\Connection->run()
#2 /home/bima/Documents/Developer/Laravel/erp_api/api_erp/vendor/laravel/framework/src/Illuminate/Database/Connection.php(392): Illuminate\\Database\\Connection->select()
#3 /home/bima/Documents/Developer/Laravel/erp_api/api_erp/vendor/laravel/framework/src/Illuminate/Database/Schema/MySqlBuilder.php(44): Illuminate\\Database\\Connection->selectFromWriteConnection()
#4 /home/bima/Documents/Developer/Laravel/erp_api/api_erp/vendor/laravel/framework/src/Illuminate/Database/Migrations/DatabaseMigrationRepository.php(169): Illuminate\\Database\\Schema\\MySqlBuilder->hasTable()
#5 /home/bima/Documents/Developer/Laravel/erp_api/api_erp/vendor/laravel/framework/src/Illuminate/Database/Migrations/Migrator.php(695): Illuminate\\Database\\Migrations\\DatabaseMigrationRepository->repositoryExists()
#6 /home/bima/Documents/Developer/Laravel/erp_api/api_erp/vendor/laravel/framework/src/Illuminate/Database/Console/Migrations/MigrateCommand.php(138): Illuminate\\Database\\Migrations\\Migrator->repositoryExists()
#7 /home/bima/Documents/Developer/Laravel/erp_api/api_erp/vendor/laravel/framework/src/Illuminate/Support/helpers.php(247): Illuminate\\Database\\Console\\Migrations\\MigrateCommand->Illuminate\\Database\\Console\\Migrations\\{closure}()
#8 /home/bima/Documents/Developer/Laravel/erp_api/api_erp/vendor/laravel/framework/src/Illuminate/Database/Console/Migrations/MigrateCommand.php(157): retry()
#9 /home/bima/Documents/Developer/Laravel/erp_api/api_erp/vendor/laravel/framework/src/Illuminate/Database/Console/Migrations/MigrateCommand.php(114): Illuminate\\Database\\Console\\Migrations\\MigrateCommand->repositoryExists()
#10 /home/bima/Documents/Developer/Laravel/erp_api/api_erp/vendor/laravel/framework/src/Illuminate/Database/Console/Migrations/MigrateCommand.php(82): Illuminate\\Database\\Console\\Migrations\\MigrateCommand->prepareDatabase()
#11 /home/bima/Documents/Developer/Laravel/erp_api/api_erp/vendor/laravel/framework/src/Illuminate/Database/Migrations/Migrator.php(628): Illuminate\\Database\\Console\\Migrations\\MigrateCommand->Illuminate\\Database\\Console\\Migrations\\{closure}()
#12 /home/bima/Documents/Developer/Laravel/erp_api/api_erp/vendor/laravel/framework/src/Illuminate/Database/Console/Migrations/MigrateCommand.php(102): Illuminate\\Database\\Migrations\\Migrator->usingConnection()
#13 /home/bima/Documents/Developer/Laravel/erp_api/api_erp/vendor/laravel/framework/src/Illuminate/Container/BoundMethod.php(36): Illuminate\\Database\\Console\\Migrations\\MigrateCommand->handle()
#14 /home/bima/Documents/Developer/Laravel/erp_api/api_erp/vendor/laravel/framework/src/Illuminate/Container/Util.php(41): Illuminate\\Container\\BoundMethod::Illuminate\\Container\\{closure}()
#15 /home/bima/Documents/Developer/Laravel/erp_api/api_erp/vendor/laravel/framework/src/Illuminate/Container/BoundMethod.php(93): Illuminate\\Container\\Util::unwrapIfClosure()
#16 /home/bima/Documents/Developer/Laravel/erp_api/api_erp/vendor/laravel/framework/src/Illuminate/Container/BoundMethod.php(37): Illuminate\\Container\\BoundMethod::callBoundMethod()
#17 /home/bima/Documents/Developer/Laravel/erp_api/api_erp/vendor/laravel/framework/src/Illuminate/Container/Container.php(661): Illuminate\\Container\\BoundMethod::call()
#18 /home/bima/Documents/Developer/Laravel/erp_api/api_erp/vendor/laravel/framework/src/Illuminate/Console/Command.php(183): Illuminate\\Container\\Container->call()
#19 /home/bima/Documents/Developer/Laravel/erp_api/api_erp/vendor/symfony/console/Command/Command.php(291): Illuminate\\Console\\Command->execute()
#20 /home/bima/Documents/Developer/Laravel/erp_api/api_erp/vendor/laravel/framework/src/Illuminate/Console/Command.php(153): Symfony\\Component\\Console\\Command\\Command->run()
#21 /home/bima/Documents/Developer/Laravel/erp_api/api_erp/vendor/symfony/console/Application.php(1014): Illuminate\\Console\\Command->run()
#22 /home/bima/Documents/Developer/Laravel/erp_api/api_erp/vendor/symfony/console/Application.php(301): Symfony\\Component\\Console\\Application->doRunCommand()
#23 /home/bima/Documents/Developer/Laravel/erp_api/api_erp/vendor/symfony/console/Application.php(171): Symfony\\Component\\Console\\Application->doRun()
#24 /home/bima/Documents/Developer/Laravel/erp_api/api_erp/vendor/laravel/framework/src/Illuminate/Console/Application.php(102): Symfony\\Component\\Console\\Application->run()
#25 /home/bima/Documents/Developer/Laravel/erp_api/api_erp/vendor/laravel/framework/src/Illuminate/Foundation/Console/Kernel.php(155): Illuminate\\Console\\Application->run()
#26 /home/bima/Documents/Developer/Laravel/erp_api/api_erp/artisan(37): Illuminate\\Foundation\\Console\\Kernel->handle()
#27 {main}

[previous exception] [object] (PDOException(code: 0): could not find driver at /home/bima/Documents/Developer/Laravel/erp_api/api_erp/vendor/laravel/framework/src/Illuminate/Database/Connectors/Connector.php:70)
[stacktrace]
#0 /home/bima/Documents/Developer/Laravel/erp_api/api_erp/vendor/laravel/framework/src/Illuminate/Database/Connectors/Connector.php(70): PDO->__construct()
#1 /home/bima/Documents/Developer/Laravel/erp_api/api_erp/vendor/laravel/framework/src/Illuminate/Database/Connectors/Connector.php(46): Illuminate\\Database\\Connectors\\Connector->createPdoConnection()
#2 /home/bima/Documents/Developer/Laravel/erp_api/api_erp/vendor/laravel/framework/src/Illuminate/Database/Connectors/MySqlConnector.php(24): Illuminate\\Database\\Connectors\\Connector->createConnection()
#3 /home/bima/Documents/Developer/Laravel/erp_api/api_erp/vendor/laravel/framework/src/Illuminate/Database/Connectors/ConnectionFactory.php(184): Illuminate\\Database\\Connectors\\MySqlConnector->connect()
#4 [internal function]: Illuminate\\Database\\Connectors\\ConnectionFactory->Illuminate\\Database\\Connectors\\{closure}()
#5 /home/bima/Documents/Developer/Laravel/erp_api/api_erp/vendor/laravel/framework/src/Illuminate/Database/Connection.php(1181): call_user_func()
#6 /home/bima/Documents/Developer/Laravel/erp_api/api_erp/vendor/laravel/framework/src/Illuminate/Database/Connection.php(486): Illuminate\\Database\\Connection->getPdo()
#7 /home/bima/Documents/Developer/Laravel/erp_api/api_erp/vendor/laravel/framework/src/Illuminate/Database/Connection.php(414): Illuminate\\Database\\Connection->getPdoForSelect()
#8 /home/bima/Documents/Developer/Laravel/erp_api/api_erp/vendor/laravel/framework/src/Illuminate/Database/Connection.php(753): Illuminate\\Database\\Connection->Illuminate\\Database\\{closure}()
#9 /home/bima/Documents/Developer/Laravel/erp_api/api_erp/vendor/laravel/framework/src/Illuminate/Database/Connection.php(720): Illuminate\\Database\\Connection->runQueryCallback()
#10 /home/bima/Documents/Developer/Laravel/erp_api/api_erp/vendor/laravel/framework/src/Illuminate/Database/Connection.php(422): Illuminate\\Database\\Connection->run()
#11 /home/bima/Documents/Developer/Laravel/erp_api/api_erp/vendor/laravel/framework/src/Illuminate/Database/Connection.php(392): Illuminate\\Database\\Connection->select()
#12 /home/bima/Documents/Developer/Laravel/erp_api/api_erp/vendor/laravel/framework/src/Illuminate/Database/Schema/MySqlBuilder.php(44): Illuminate\\Database\\Connection->selectFromWriteConnection()
#13 /home/bima/Documents/Developer/Laravel/erp_api/api_erp/vendor/laravel/framework/src/Illuminate/Database/Migrations/DatabaseMigrationRepository.php(169): Illuminate\\Database\\Schema\\MySqlBuilder->hasTable()
#14 /home/bima/Documents/Developer/Laravel/erp_api/api_erp/vendor/laravel/framework/src/Illuminate/Database/Migrations/Migrator.php(695): Illuminate\\Database\\Migrations\\DatabaseMigrationRepository->repositoryExists()
#15 /home/bima/Documents/Developer/Laravel/erp_api/api_erp/vendor/laravel/framework/src/Illuminate/Database/Console/Migrations/MigrateCommand.php(138): Illuminate\\Database\\Migrations\\Migrator->repositoryExists()
#16 /home/bima/Documents/Developer/Laravel/erp_api/api_erp/vendor/laravel/framework/src/Illuminate/Support/helpers.php(247): Illuminate\\Database\\Console\\Migrations\\MigrateCommand->Illuminate\\Database\\Console\\Migrations\\{closure}()
#17 /home/bima/Documents/Developer/Laravel/erp_api/api_erp/vendor/laravel/framework/src/Illuminate/Database/Console/Migrations/MigrateCommand.php(157): retry()
#18 /home/bima/Documents/Developer/Laravel/erp_api/api_erp/vendor/laravel/framework/src/Illuminate/Database/Console/Migrations/MigrateCommand.php(114): Illuminate\\Database\\Console\\Migrations\\MigrateCommand->repositoryExists()
#19 /home/bima/Documents/Developer/Laravel/erp_api/api_erp/vendor/laravel/framework/src/Illuminate/Database/Console/Migrations/MigrateCommand.php(82): Illuminate\\Database\\Console\\Migrations\\MigrateCommand->prepareDatabase()
#20 /home/bima/Documents/Developer/Laravel/erp_api/api_erp/vendor/laravel/framework/src/Illuminate/Database/Migrations/Migrator.php(628): Illuminate\\Database\\Console\\Migrations\\MigrateCommand->Illuminate\\Database\\Console\\Migrations\\{closure}()
#21 /home/bima/Documents/Developer/Laravel/erp_api/api_erp/vendor/laravel/framework/src/Illuminate/Database/Console/Migrations/MigrateCommand.php(102): Illuminate\\Database\\Migrations\\Migrator->usingConnection()
#22 /home/bima/Documents/Developer/Laravel/erp_api/api_erp/vendor/laravel/framework/src/Illuminate/Container/BoundMethod.php(36): Illuminate\\Database\\Console\\Migrations\\MigrateCommand->handle()
#23 /home/bima/Documents/Developer/Laravel/erp_api/api_erp/vendor/laravel/framework/src/Illuminate/Container/Util.php(41): Illuminate\\Container\\BoundMethod::Illuminate\\Container\\{closure}()
#24 /home/bima/Documents/Developer/Laravel/erp_api/api_erp/vendor/laravel/framework/src/Illuminate/Container/BoundMethod.php(93): Illuminate\\Container\\Util::unwrapIfClosure()
#25 /home/bima/Documents/Developer/Laravel/erp_api/api_erp/vendor/laravel/framework/src/Illuminate/Container/BoundMethod.php(37): Illuminate\\Container\\BoundMethod::callBoundMethod()
#26 /home/bima/Documents/Developer/Laravel/erp_api/api_erp/vendor/laravel/framework/src/Illuminate/Container/Container.php(661): Illuminate\\Container\\BoundMethod::call()
#27 /home/bima/Documents/Developer/Laravel/erp_api/api_erp/vendor/laravel/framework/src/Illuminate/Console/Command.php(183): Illuminate\\Container\\Container->call()
#28 /home/bima/Documents/Developer/Laravel/erp_api/api_erp/vendor/symfony/console/Command/Command.php(291): Illuminate\\Console\\Command->execute()
#29 /home/bima/Documents/Developer/Laravel/erp_api/api_erp/vendor/laravel/framework/src/Illuminate/Console/Command.php(153): Symfony\\Component\\Console\\Command\\Command->run()
#30 /home/bima/Documents/Developer/Laravel/erp_api/api_erp/vendor/symfony/console/Application.php(1014): Illuminate\\Console\\Command->run()
#31 /home/bima/Documents/Developer/Laravel/erp_api/api_erp/vendor/symfony/console/Application.php(301): Symfony\\Component\\Console\\Application->doRunCommand()
#32 /home/bima/Documents/Developer/Laravel/erp_api/api_erp/vendor/symfony/console/Application.php(171): Symfony\\Component\\Console\\Application->doRun()
#33 /home/bima/Documents/Developer/Laravel/erp_api/api_erp/vendor/laravel/framework/src/Illuminate/Console/Application.php(102): Symfony\\Component\\Console\\Application->run()
#34 /home/bima/Documents/Developer/Laravel/erp_api/api_erp/vendor/laravel/framework/src/Illuminate/Foundation/Console/Kernel.php(155): Illuminate\\Console\\Application->run()
#35 /home/bima/Documents/Developer/Laravel/erp_api/api_erp/artisan(37): Illuminate\\Foundation\\Console\\Kernel->handle()
#36 {main}
"} 
[2023-06-14 02:56:57] local.ERROR: could not find driver (SQL: select * from information_schema.tables where table_schema = erp_api and table_name = migrations and table_type = 'BASE TABLE') {"exception":"[object] (Illuminate\\Database\\QueryException(code: 0): could not find driver (SQL: select * from information_schema.tables where table_schema = erp_api and table_name = migrations and table_type = 'BASE TABLE') at /home/bima/Documents/Developer/Laravel/erp_api/api_erp/vendor/laravel/framework/src/Illuminate/Database/Connection.php:760)
[stacktrace]
#0 /home/bima/Documents/Developer/Laravel/erp_api/api_erp/vendor/laravel/framework/src/Illuminate/Database/Connection.php(720): Illuminate\\Database\\Connection->runQueryCallback()
#1 /home/bima/Documents/Developer/Laravel/erp_api/api_erp/vendor/laravel/framework/src/Illuminate/Database/Connection.php(422): Illuminate\\Database\\Connection->run()
#2 /home/bima/Documents/Developer/Laravel/erp_api/api_erp/vendor/laravel/framework/src/Illuminate/Database/Connection.php(392): Illuminate\\Database\\Connection->select()
#3 /home/bima/Documents/Developer/Laravel/erp_api/api_erp/vendor/laravel/framework/src/Illuminate/Database/Schema/MySqlBuilder.php(44): Illuminate\\Database\\Connection->selectFromWriteConnection()
#4 /home/bima/Documents/Developer/Laravel/erp_api/api_erp/vendor/laravel/framework/src/Illuminate/Database/Migrations/DatabaseMigrationRepository.php(169): Illuminate\\Database\\Schema\\MySqlBuilder->hasTable()
#5 /home/bima/Documents/Developer/Laravel/erp_api/api_erp/vendor/laravel/framework/src/Illuminate/Database/Migrations/Migrator.php(695): Illuminate\\Database\\Migrations\\DatabaseMigrationRepository->repositoryExists()
#6 /home/bima/Documents/Developer/Laravel/erp_api/api_erp/vendor/laravel/framework/src/Illuminate/Database/Console/Migrations/MigrateCommand.php(138): Illuminate\\Database\\Migrations\\Migrator->repositoryExists()
#7 /home/bima/Documents/Developer/Laravel/erp_api/api_erp/vendor/laravel/framework/src/Illuminate/Support/helpers.php(247): Illuminate\\Database\\Console\\Migrations\\MigrateCommand->Illuminate\\Database\\Console\\Migrations\\{closure}()
#8 /home/bima/Documents/Developer/Laravel/erp_api/api_erp/vendor/laravel/framework/src/Illuminate/Database/Console/Migrations/MigrateCommand.php(157): retry()
#9 /home/bima/Documents/Developer/Laravel/erp_api/api_erp/vendor/laravel/framework/src/Illuminate/Database/Console/Migrations/MigrateCommand.php(114): Illuminate\\Database\\Console\\Migrations\\MigrateCommand->repositoryExists()
#10 /home/bima/Documents/Developer/Laravel/erp_api/api_erp/vendor/laravel/framework/src/Illuminate/Database/Console/Migrations/MigrateCommand.php(82): Illuminate\\Database\\Console\\Migrations\\MigrateCommand->prepareDatabase()
#11 /home/bima/Documents/Developer/Laravel/erp_api/api_erp/vendor/laravel/framework/src/Illuminate/Database/Migrations/Migrator.php(628): Illuminate\\Database\\Console\\Migrations\\MigrateCommand->Illuminate\\Database\\Console\\Migrations\\{closure}()
#12 /home/bima/Documents/Developer/Laravel/erp_api/api_erp/vendor/laravel/framework/src/Illuminate/Database/Console/Migrations/MigrateCommand.php(102): Illuminate\\Database\\Migrations\\Migrator->usingConnection()
#13 /home/bima/Documents/Developer/Laravel/erp_api/api_erp/vendor/laravel/framework/src/Illuminate/Container/BoundMethod.php(36): Illuminate\\Database\\Console\\Migrations\\MigrateCommand->handle()
#14 /home/bima/Documents/Developer/Laravel/erp_api/api_erp/vendor/laravel/framework/src/Illuminate/Container/Util.php(41): Illuminate\\Container\\BoundMethod::Illuminate\\Container\\{closure}()
#15 /home/bima/Documents/Developer/Laravel/erp_api/api_erp/vendor/laravel/framework/src/Illuminate/Container/BoundMethod.php(93): Illuminate\\Container\\Util::unwrapIfClosure()
#16 /home/bima/Documents/Developer/Laravel/erp_api/api_erp/vendor/laravel/framework/src/Illuminate/Container/BoundMethod.php(37): Illuminate\\Container\\BoundMethod::callBoundMethod()
#17 /home/bima/Documents/Developer/Laravel/erp_api/api_erp/vendor/laravel/framework/src/Illuminate/Container/Container.php(661): Illuminate\\Container\\BoundMethod::call()
#18 /home/bima/Documents/Developer/Laravel/erp_api/api_erp/vendor/laravel/framework/src/Illuminate/Console/Command.php(183): Illuminate\\Container\\Container->call()
#19 /home/bima/Documents/Developer/Laravel/erp_api/api_erp/vendor/symfony/console/Command/Command.php(291): Illuminate\\Console\\Command->execute()
#20 /home/bima/Documents/Developer/Laravel/erp_api/api_erp/vendor/laravel/framework/src/Illuminate/Console/Command.php(153): Symfony\\Component\\Console\\Command\\Command->run()
#21 /home/bima/Documents/Developer/Laravel/erp_api/api_erp/vendor/symfony/console/Application.php(1014): Illuminate\\Console\\Command->run()
#22 /home/bima/Documents/Developer/Laravel/erp_api/api_erp/vendor/symfony/console/Application.php(301): Symfony\\Component\\Console\\Application->doRunCommand()
#23 /home/bima/Documents/Developer/Laravel/erp_api/api_erp/vendor/symfony/console/Application.php(171): Symfony\\Component\\Console\\Application->doRun()
#24 /home/bima/Documents/Developer/Laravel/erp_api/api_erp/vendor/laravel/framework/src/Illuminate/Console/Application.php(102): Symfony\\Component\\Console\\Application->run()
#25 /home/bima/Documents/Developer/Laravel/erp_api/api_erp/vendor/laravel/framework/src/Illuminate/Foundation/Console/Kernel.php(155): Illuminate\\Console\\Application->run()
#26 /home/bima/Documents/Developer/Laravel/erp_api/api_erp/artisan(37): Illuminate\\Foundation\\Console\\Kernel->handle()
#27 {main}

[previous exception] [object] (PDOException(code: 0): could not find driver at /home/bima/Documents/Developer/Laravel/erp_api/api_erp/vendor/laravel/framework/src/Illuminate/Database/Connectors/Connector.php:70)
[stacktrace]
#0 /home/bima/Documents/Developer/Laravel/erp_api/api_erp/vendor/laravel/framework/src/Illuminate/Database/Connectors/Connector.php(70): PDO->__construct()
#1 /home/bima/Documents/Developer/Laravel/erp_api/api_erp/vendor/laravel/framework/src/Illuminate/Database/Connectors/Connector.php(46): Illuminate\\Database\\Connectors\\Connector->createPdoConnection()
#2 /home/bima/Documents/Developer/Laravel/erp_api/api_erp/vendor/laravel/framework/src/Illuminate/Database/Connectors/MySqlConnector.php(24): Illuminate\\Database\\Connectors\\Connector->createConnection()
#3 /home/bima/Documents/Developer/Laravel/erp_api/api_erp/vendor/laravel/framework/src/Illuminate/Database/Connectors/ConnectionFactory.php(184): Illuminate\\Database\\Connectors\\MySqlConnector->connect()
#4 [internal function]: Illuminate\\Database\\Connectors\\ConnectionFactory->Illuminate\\Database\\Connectors\\{closure}()
#5 /home/bima/Documents/Developer/Laravel/erp_api/api_erp/vendor/laravel/framework/src/Illuminate/Database/Connection.php(1181): call_user_func()
#6 /home/bima/Documents/Developer/Laravel/erp_api/api_erp/vendor/laravel/framework/src/Illuminate/Database/Connection.php(486): Illuminate\\Database\\Connection->getPdo()
#7 /home/bima/Documents/Developer/Laravel/erp_api/api_erp/vendor/laravel/framework/src/Illuminate/Database/Connection.php(414): Illuminate\\Database\\Connection->getPdoForSelect()
#8 /home/bima/Documents/Developer/Laravel/erp_api/api_erp/vendor/laravel/framework/src/Illuminate/Database/Connection.php(753): Illuminate\\Database\\Connection->Illuminate\\Database\\{closure}()
#9 /home/bima/Documents/Developer/Laravel/erp_api/api_erp/vendor/laravel/framework/src/Illuminate/Database/Connection.php(720): Illuminate\\Database\\Connection->runQueryCallback()
#10 /home/bima/Documents/Developer/Laravel/erp_api/api_erp/vendor/laravel/framework/src/Illuminate/Database/Connection.php(422): Illuminate\\Database\\Connection->run()
#11 /home/bima/Documents/Developer/Laravel/erp_api/api_erp/vendor/laravel/framework/src/Illuminate/Database/Connection.php(392): Illuminate\\Database\\Connection->select()
#12 /home/bima/Documents/Developer/Laravel/erp_api/api_erp/vendor/laravel/framework/src/Illuminate/Database/Schema/MySqlBuilder.php(44): Illuminate\\Database\\Connection->selectFromWriteConnection()
#13 /home/bima/Documents/Developer/Laravel/erp_api/api_erp/vendor/laravel/framework/src/Illuminate/Database/Migrations/DatabaseMigrationRepository.php(169): Illuminate\\Database\\Schema\\MySqlBuilder->hasTable()
#14 /home/bima/Documents/Developer/Laravel/erp_api/api_erp/vendor/laravel/framework/src/Illuminate/Database/Migrations/Migrator.php(695): Illuminate\\Database\\Migrations\\DatabaseMigrationRepository->repositoryExists()
#15 /home/bima/Documents/Developer/Laravel/erp_api/api_erp/vendor/laravel/framework/src/Illuminate/Database/Console/Migrations/MigrateCommand.php(138): Illuminate\\Database\\Migrations\\Migrator->repositoryExists()
#16 /home/bima/Documents/Developer/Laravel/erp_api/api_erp/vendor/laravel/framework/src/Illuminate/Support/helpers.php(247): Illuminate\\Database\\Console\\Migrations\\MigrateCommand->Illuminate\\Database\\Console\\Migrations\\{closure}()
#17 /home/bima/Documents/Developer/Laravel/erp_api/api_erp/vendor/laravel/framework/src/Illuminate/Database/Console/Migrations/MigrateCommand.php(157): retry()
#18 /home/bima/Documents/Developer/Laravel/erp_api/api_erp/vendor/laravel/framework/src/Illuminate/Database/Console/Migrations/MigrateCommand.php(114): Illuminate\\Database\\Console\\Migrations\\MigrateCommand->repositoryExists()
#19 /home/bima/Documents/Developer/Laravel/erp_api/api_erp/vendor/laravel/framework/src/Illuminate/Database/Console/Migrations/MigrateCommand.php(82): Illuminate\\Database\\Console\\Migrations\\MigrateCommand->prepareDatabase()
#20 /home/bima/Documents/Developer/Laravel/erp_api/api_erp/vendor/laravel/framework/src/Illuminate/Database/Migrations/Migrator.php(628): Illuminate\\Database\\Console\\Migrations\\MigrateCommand->Illuminate\\Database\\Console\\Migrations\\{closure}()
#21 /home/bima/Documents/Developer/Laravel/erp_api/api_erp/vendor/laravel/framework/src/Illuminate/Database/Console/Migrations/MigrateCommand.php(102): Illuminate\\Database\\Migrations\\Migrator->usingConnection()
#22 /home/bima/Documents/Developer/Laravel/erp_api/api_erp/vendor/laravel/framework/src/Illuminate/Container/BoundMethod.php(36): Illuminate\\Database\\Console\\Migrations\\MigrateCommand->handle()
#23 /home/bima/Documents/Developer/Laravel/erp_api/api_erp/vendor/laravel/framework/src/Illuminate/Container/Util.php(41): Illuminate\\Container\\BoundMethod::Illuminate\\Container\\{closure}()
#24 /home/bima/Documents/Developer/Laravel/erp_api/api_erp/vendor/laravel/framework/src/Illuminate/Container/BoundMethod.php(93): Illuminate\\Container\\Util::unwrapIfClosure()
#25 /home/bima/Documents/Developer/Laravel/erp_api/api_erp/vendor/laravel/framework/src/Illuminate/Container/BoundMethod.php(37): Illuminate\\Container\\BoundMethod::callBoundMethod()
#26 /home/bima/Documents/Developer/Laravel/erp_api/api_erp/vendor/laravel/framework/src/Illuminate/Container/Container.php(661): Illuminate\\Container\\BoundMethod::call()
#27 /home/bima/Documents/Developer/Laravel/erp_api/api_erp/vendor/laravel/framework/src/Illuminate/Console/Command.php(183): Illuminate\\Container\\Container->call()
#28 /home/bima/Documents/Developer/Laravel/erp_api/api_erp/vendor/symfony/console/Command/Command.php(291): Illuminate\\Console\\Command->execute()
#29 /home/bima/Documents/Developer/Laravel/erp_api/api_erp/vendor/laravel/framework/src/Illuminate/Console/Command.php(153): Symfony\\Component\\Console\\Command\\Command->run()
#30 /home/bima/Documents/Developer/Laravel/erp_api/api_erp/vendor/symfony/console/Application.php(1014): Illuminate\\Console\\Command->run()
#31 /home/bima/Documents/Developer/Laravel/erp_api/api_erp/vendor/symfony/console/Application.php(301): Symfony\\Component\\Console\\Application->doRunCommand()
#32 /home/bima/Documents/Developer/Laravel/erp_api/api_erp/vendor/symfony/console/Application.php(171): Symfony\\Component\\Console\\Application->doRun()
#33 /home/bima/Documents/Developer/Laravel/erp_api/api_erp/vendor/laravel/framework/src/Illuminate/Console/Application.php(102): Symfony\\Component\\Console\\Application->run()
#34 /home/bima/Documents/Developer/Laravel/erp_api/api_erp/vendor/laravel/framework/src/Illuminate/Foundation/Console/Kernel.php(155): Illuminate\\Console\\Application->run()
#35 /home/bima/Documents/Developer/Laravel/erp_api/api_erp/artisan(37): Illuminate\\Foundation\\Console\\Kernel->handle()
#36 {main}
"} 
[2023-06-14 02:57:59] local.ERROR: could not find driver (SQL: select * from information_schema.tables where table_schema = erp_api and table_name = migrations and table_type = 'BASE TABLE') {"exception":"[object] (Illuminate\\Database\\QueryException(code: 0): could not find driver (SQL: select * from information_schema.tables where table_schema = erp_api and table_name = migrations and table_type = 'BASE TABLE') at /home/bima/Documents/Developer/Laravel/erp_api/api_erp/vendor/laravel/framework/src/Illuminate/Database/Connection.php:760)
[stacktrace]
#0 /home/bima/Documents/Developer/Laravel/erp_api/api_erp/vendor/laravel/framework/src/Illuminate/Database/Connection.php(720): Illuminate\\Database\\Connection->runQueryCallback()
#1 /home/bima/Documents/Developer/Laravel/erp_api/api_erp/vendor/laravel/framework/src/Illuminate/Database/Connection.php(422): Illuminate\\Database\\Connection->run()
#2 /home/bima/Documents/Developer/Laravel/erp_api/api_erp/vendor/laravel/framework/src/Illuminate/Database/Connection.php(392): Illuminate\\Database\\Connection->select()
#3 /home/bima/Documents/Developer/Laravel/erp_api/api_erp/vendor/laravel/framework/src/Illuminate/Database/Schema/MySqlBuilder.php(44): Illuminate\\Database\\Connection->selectFromWriteConnection()
#4 /home/bima/Documents/Developer/Laravel/erp_api/api_erp/vendor/laravel/framework/src/Illuminate/Database/Migrations/DatabaseMigrationRepository.php(169): Illuminate\\Database\\Schema\\MySqlBuilder->hasTable()
#5 /home/bima/Documents/Developer/Laravel/erp_api/api_erp/vendor/laravel/framework/src/Illuminate/Database/Migrations/Migrator.php(695): Illuminate\\Database\\Migrations\\DatabaseMigrationRepository->repositoryExists()
#6 /home/bima/Documents/Developer/Laravel/erp_api/api_erp/vendor/laravel/framework/src/Illuminate/Database/Console/Migrations/MigrateCommand.php(138): Illuminate\\Database\\Migrations\\Migrator->repositoryExists()
#7 /home/bima/Documents/Developer/Laravel/erp_api/api_erp/vendor/laravel/framework/src/Illuminate/Support/helpers.php(247): Illuminate\\Database\\Console\\Migrations\\MigrateCommand->Illuminate\\Database\\Console\\Migrations\\{closure}()
#8 /home/bima/Documents/Developer/Laravel/erp_api/api_erp/vendor/laravel/framework/src/Illuminate/Database/Console/Migrations/MigrateCommand.php(157): retry()
#9 /home/bima/Documents/Developer/Laravel/erp_api/api_erp/vendor/laravel/framework/src/Illuminate/Database/Console/Migrations/MigrateCommand.php(114): Illuminate\\Database\\Console\\Migrations\\MigrateCommand->repositoryExists()
#10 /home/bima/Documents/Developer/Laravel/erp_api/api_erp/vendor/laravel/framework/src/Illuminate/Database/Console/Migrations/MigrateCommand.php(82): Illuminate\\Database\\Console\\Migrations\\MigrateCommand->prepareDatabase()
#11 /home/bima/Documents/Developer/Laravel/erp_api/api_erp/vendor/laravel/framework/src/Illuminate/Database/Migrations/Migrator.php(628): Illuminate\\Database\\Console\\Migrations\\MigrateCommand->Illuminate\\Database\\Console\\Migrations\\{closure}()
#12 /home/bima/Documents/Developer/Laravel/erp_api/api_erp/vendor/laravel/framework/src/Illuminate/Database/Console/Migrations/MigrateCommand.php(102): Illuminate\\Database\\Migrations\\Migrator->usingConnection()
#13 /home/bima/Documents/Developer/Laravel/erp_api/api_erp/vendor/laravel/framework/src/Illuminate/Container/BoundMethod.php(36): Illuminate\\Database\\Console\\Migrations\\MigrateCommand->handle()
#14 /home/bima/Documents/Developer/Laravel/erp_api/api_erp/vendor/laravel/framework/src/Illuminate/Container/Util.php(41): Illuminate\\Container\\BoundMethod::Illuminate\\Container\\{closure}()
#15 /home/bima/Documents/Developer/Laravel/erp_api/api_erp/vendor/laravel/framework/src/Illuminate/Container/BoundMethod.php(93): Illuminate\\Container\\Util::unwrapIfClosure()
#16 /home/bima/Documents/Developer/Laravel/erp_api/api_erp/vendor/laravel/framework/src/Illuminate/Container/BoundMethod.php(37): Illuminate\\Container\\BoundMethod::callBoundMethod()
#17 /home/bima/Documents/Developer/Laravel/erp_api/api_erp/vendor/laravel/framework/src/Illuminate/Container/Container.php(661): Illuminate\\Container\\BoundMethod::call()
#18 /home/bima/Documents/Developer/Laravel/erp_api/api_erp/vendor/laravel/framework/src/Illuminate/Console/Command.php(183): Illuminate\\Container\\Container->call()
#19 /home/bima/Documents/Developer/Laravel/erp_api/api_erp/vendor/symfony/console/Command/Command.php(291): Illuminate\\Console\\Command->execute()
#20 /home/bima/Documents/Developer/Laravel/erp_api/api_erp/vendor/laravel/framework/src/Illuminate/Console/Command.php(153): Symfony\\Component\\Console\\Command\\Command->run()
#21 /home/bima/Documents/Developer/Laravel/erp_api/api_erp/vendor/symfony/console/Application.php(1014): Illuminate\\Console\\Command->run()
#22 /home/bima/Documents/Developer/Laravel/erp_api/api_erp/vendor/symfony/console/Application.php(301): Symfony\\Component\\Console\\Application->doRunCommand()
#23 /home/bima/Documents/Developer/Laravel/erp_api/api_erp/vendor/symfony/console/Application.php(171): Symfony\\Component\\Console\\Application->doRun()
#24 /home/bima/Documents/Developer/Laravel/erp_api/api_erp/vendor/laravel/framework/src/Illuminate/Console/Application.php(102): Symfony\\Component\\Console\\Application->run()
#25 /home/bima/Documents/Developer/Laravel/erp_api/api_erp/vendor/laravel/framework/src/Illuminate/Foundation/Console/Kernel.php(155): Illuminate\\Console\\Application->run()
#26 /home/bima/Documents/Developer/Laravel/erp_api/api_erp/artisan(37): Illuminate\\Foundation\\Console\\Kernel->handle()
#27 {main}

[previous exception] [object] (PDOException(code: 0): could not find driver at /home/bima/Documents/Developer/Laravel/erp_api/api_erp/vendor/laravel/framework/src/Illuminate/Database/Connectors/Connector.php:70)
[stacktrace]
#0 /home/bima/Documents/Developer/Laravel/erp_api/api_erp/vendor/laravel/framework/src/Illuminate/Database/Connectors/Connector.php(70): PDO->__construct()
#1 /home/bima/Documents/Developer/Laravel/erp_api/api_erp/vendor/laravel/framework/src/Illuminate/Database/Connectors/Connector.php(46): Illuminate\\Database\\Connectors\\Connector->createPdoConnection()
#2 /home/bima/Documents/Developer/Laravel/erp_api/api_erp/vendor/laravel/framework/src/Illuminate/Database/Connectors/MySqlConnector.php(24): Illuminate\\Database\\Connectors\\Connector->createConnection()
#3 /home/bima/Documents/Developer/Laravel/erp_api/api_erp/vendor/laravel/framework/src/Illuminate/Database/Connectors/ConnectionFactory.php(184): Illuminate\\Database\\Connectors\\MySqlConnector->connect()
#4 [internal function]: Illuminate\\Database\\Connectors\\ConnectionFactory->Illuminate\\Database\\Connectors\\{closure}()
#5 /home/bima/Documents/Developer/Laravel/erp_api/api_erp/vendor/laravel/framework/src/Illuminate/Database/Connection.php(1181): call_user_func()
#6 /home/bima/Documents/Developer/Laravel/erp_api/api_erp/vendor/laravel/framework/src/Illuminate/Database/Connection.php(486): Illuminate\\Database\\Connection->getPdo()
#7 /home/bima/Documents/Developer/Laravel/erp_api/api_erp/vendor/laravel/framework/src/Illuminate/Database/Connection.php(414): Illuminate\\Database\\Connection->getPdoForSelect()
#8 /home/bima/Documents/Developer/Laravel/erp_api/api_erp/vendor/laravel/framework/src/Illuminate/Database/Connection.php(753): Illuminate\\Database\\Connection->Illuminate\\Database\\{closure}()
#9 /home/bima/Documents/Developer/Laravel/erp_api/api_erp/vendor/laravel/framework/src/Illuminate/Database/Connection.php(720): Illuminate\\Database\\Connection->runQueryCallback()
#10 /home/bima/Documents/Developer/Laravel/erp_api/api_erp/vendor/laravel/framework/src/Illuminate/Database/Connection.php(422): Illuminate\\Database\\Connection->run()
#11 /home/bima/Documents/Developer/Laravel/erp_api/api_erp/vendor/laravel/framework/src/Illuminate/Database/Connection.php(392): Illuminate\\Database\\Connection->select()
#12 /home/bima/Documents/Developer/Laravel/erp_api/api_erp/vendor/laravel/framework/src/Illuminate/Database/Schema/MySqlBuilder.php(44): Illuminate\\Database\\Connection->selectFromWriteConnection()
#13 /home/bima/Documents/Developer/Laravel/erp_api/api_erp/vendor/laravel/framework/src/Illuminate/Database/Migrations/DatabaseMigrationRepository.php(169): Illuminate\\Database\\Schema\\MySqlBuilder->hasTable()
#14 /home/bima/Documents/Developer/Laravel/erp_api/api_erp/vendor/laravel/framework/src/Illuminate/Database/Migrations/Migrator.php(695): Illuminate\\Database\\Migrations\\DatabaseMigrationRepository->repositoryExists()
#15 /home/bima/Documents/Developer/Laravel/erp_api/api_erp/vendor/laravel/framework/src/Illuminate/Database/Console/Migrations/MigrateCommand.php(138): Illuminate\\Database\\Migrations\\Migrator->repositoryExists()
#16 /home/bima/Documents/Developer/Laravel/erp_api/api_erp/vendor/laravel/framework/src/Illuminate/Support/helpers.php(247): Illuminate\\Database\\Console\\Migrations\\MigrateCommand->Illuminate\\Database\\Console\\Migrations\\{closure}()
#17 /home/bima/Documents/Developer/Laravel/erp_api/api_erp/vendor/laravel/framework/src/Illuminate/Database/Console/Migrations/MigrateCommand.php(157): retry()
#18 /home/bima/Documents/Developer/Laravel/erp_api/api_erp/vendor/laravel/framework/src/Illuminate/Database/Console/Migrations/MigrateCommand.php(114): Illuminate\\Database\\Console\\Migrations\\MigrateCommand->repositoryExists()
#19 /home/bima/Documents/Developer/Laravel/erp_api/api_erp/vendor/laravel/framework/src/Illuminate/Database/Console/Migrations/MigrateCommand.php(82): Illuminate\\Database\\Console\\Migrations\\MigrateCommand->prepareDatabase()
#20 /home/bima/Documents/Developer/Laravel/erp_api/api_erp/vendor/laravel/framework/src/Illuminate/Database/Migrations/Migrator.php(628): Illuminate\\Database\\Console\\Migrations\\MigrateCommand->Illuminate\\Database\\Console\\Migrations\\{closure}()
#21 /home/bima/Documents/Developer/Laravel/erp_api/api_erp/vendor/laravel/framework/src/Illuminate/Database/Console/Migrations/MigrateCommand.php(102): Illuminate\\Database\\Migrations\\Migrator->usingConnection()
#22 /home/bima/Documents/Developer/Laravel/erp_api/api_erp/vendor/laravel/framework/src/Illuminate/Container/BoundMethod.php(36): Illuminate\\Database\\Console\\Migrations\\MigrateCommand->handle()
#23 /home/bima/Documents/Developer/Laravel/erp_api/api_erp/vendor/laravel/framework/src/Illuminate/Container/Util.php(41): Illuminate\\Container\\BoundMethod::Illuminate\\Container\\{closure}()
#24 /home/bima/Documents/Developer/Laravel/erp_api/api_erp/vendor/laravel/framework/src/Illuminate/Container/BoundMethod.php(93): Illuminate\\Container\\Util::unwrapIfClosure()
#25 /home/bima/Documents/Developer/Laravel/erp_api/api_erp/vendor/laravel/framework/src/Illuminate/Container/BoundMethod.php(37): Illuminate\\Container\\BoundMethod::callBoundMethod()
#26 /home/bima/Documents/Developer/Laravel/erp_api/api_erp/vendor/laravel/framework/src/Illuminate/Container/Container.php(661): Illuminate\\Container\\BoundMethod::call()
#27 /home/bima/Documents/Developer/Laravel/erp_api/api_erp/vendor/laravel/framework/src/Illuminate/Console/Command.php(183): Illuminate\\Container\\Container->call()
#28 /home/bima/Documents/Developer/Laravel/erp_api/api_erp/vendor/symfony/console/Command/Command.php(291): Illuminate\\Console\\Command->execute()
#29 /home/bima/Documents/Developer/Laravel/erp_api/api_erp/vendor/laravel/framework/src/Illuminate/Console/Command.php(153): Symfony\\Component\\Console\\Command\\Command->run()
#30 /home/bima/Documents/Developer/Laravel/erp_api/api_erp/vendor/symfony/console/Application.php(1014): Illuminate\\Console\\Command->run()
#31 /home/bima/Documents/Developer/Laravel/erp_api/api_erp/vendor/symfony/console/Application.php(301): Symfony\\Component\\Console\\Application->doRunCommand()
#32 /home/bima/Documents/Developer/Laravel/erp_api/api_erp/vendor/symfony/console/Application.php(171): Symfony\\Component\\Console\\Application->doRun()
#33 /home/bima/Documents/Developer/Laravel/erp_api/api_erp/vendor/laravel/framework/src/Illuminate/Console/Application.php(102): Symfony\\Component\\Console\\Application->run()
#34 /home/bima/Documents/Developer/Laravel/erp_api/api_erp/vendor/laravel/framework/src/Illuminate/Foundation/Console/Kernel.php(155): Illuminate\\Console\\Application->run()
#35 /home/bima/Documents/Developer/Laravel/erp_api/api_erp/artisan(37): Illuminate\\Foundation\\Console\\Kernel->handle()
#36 {main}
"} 
[2023-06-14 03:38:56] local.ERROR: The "--columns" option does not exist. {"exception":"[object] (Symfony\\Component\\Console\\Exception\\RuntimeException(code: 0): The \"--columns\" option does not exist. at /home/bima/Documents/Developer/Laravel/erp_api/vendor/symfony/console/Input/ArgvInput.php:220)
[stacktrace]
#0 /home/bima/Documents/Developer/Laravel/erp_api/vendor/symfony/console/Input/ArgvInput.php(147): Symfony\\Component\\Console\\Input\\ArgvInput->addLongOption()
#1 /home/bima/Documents/Developer/Laravel/erp_api/vendor/symfony/console/Input/ArgvInput.php(82): Symfony\\Component\\Console\\Input\\ArgvInput->parseLongOption()
#2 /home/bima/Documents/Developer/Laravel/erp_api/vendor/symfony/console/Input/ArgvInput.php(71): Symfony\\Component\\Console\\Input\\ArgvInput->parseToken()
#3 /home/bima/Documents/Developer/Laravel/erp_api/vendor/symfony/console/Input/Input.php(55): Symfony\\Component\\Console\\Input\\ArgvInput->parse()
#4 /home/bima/Documents/Developer/Laravel/erp_api/vendor/symfony/console/Command/Command.php(250): Symfony\\Component\\Console\\Input\\Input->bind()
#5 /home/bima/Documents/Developer/Laravel/erp_api/vendor/laravel/framework/src/Illuminate/Console/Command.php(153): Symfony\\Component\\Console\\Command\\Command->run()
#6 /home/bima/Documents/Developer/Laravel/erp_api/vendor/symfony/console/Application.php(1014): Illuminate\\Console\\Command->run()
#7 /home/bima/Documents/Developer/Laravel/erp_api/vendor/symfony/console/Application.php(301): Symfony\\Component\\Console\\Application->doRunCommand()
#8 /home/bima/Documents/Developer/Laravel/erp_api/vendor/symfony/console/Application.php(171): Symfony\\Component\\Console\\Application->doRun()
#9 /home/bima/Documents/Developer/Laravel/erp_api/vendor/laravel/framework/src/Illuminate/Console/Application.php(102): Symfony\\Component\\Console\\Application->run()
#10 /home/bima/Documents/Developer/Laravel/erp_api/vendor/laravel/framework/src/Illuminate/Foundation/Console/Kernel.php(155): Illuminate\\Console\\Application->run()
#11 /home/bima/Documents/Developer/Laravel/erp_api/artisan(37): Illuminate\\Foundation\\Console\\Kernel->handle()
#12 {main}
"} 
[2023-06-14 03:38:58] local.ERROR: The "--columns" option does not exist. {"exception":"[object] (Symfony\\Component\\Console\\Exception\\RuntimeException(code: 0): The \"--columns\" option does not exist. at /home/bima/Documents/Developer/Laravel/erp_api/vendor/symfony/console/Input/ArgvInput.php:220)
[stacktrace]
#0 /home/bima/Documents/Developer/Laravel/erp_api/vendor/symfony/console/Input/ArgvInput.php(147): Symfony\\Component\\Console\\Input\\ArgvInput->addLongOption()
#1 /home/bima/Documents/Developer/Laravel/erp_api/vendor/symfony/console/Input/ArgvInput.php(82): Symfony\\Component\\Console\\Input\\ArgvInput->parseLongOption()
#2 /home/bima/Documents/Developer/Laravel/erp_api/vendor/symfony/console/Input/ArgvInput.php(71): Symfony\\Component\\Console\\Input\\ArgvInput->parseToken()
#3 /home/bima/Documents/Developer/Laravel/erp_api/vendor/symfony/console/Input/Input.php(55): Symfony\\Component\\Console\\Input\\ArgvInput->parse()
#4 /home/bima/Documents/Developer/Laravel/erp_api/vendor/symfony/console/Command/Command.php(250): Symfony\\Component\\Console\\Input\\Input->bind()
#5 /home/bima/Documents/Developer/Laravel/erp_api/vendor/laravel/framework/src/Illuminate/Console/Command.php(153): Symfony\\Component\\Console\\Command\\Command->run()
#6 /home/bima/Documents/Developer/Laravel/erp_api/vendor/symfony/console/Application.php(1014): Illuminate\\Console\\Command->run()
#7 /home/bima/Documents/Developer/Laravel/erp_api/vendor/symfony/console/Application.php(301): Symfony\\Component\\Console\\Application->doRunCommand()
#8 /home/bima/Documents/Developer/Laravel/erp_api/vendor/symfony/console/Application.php(171): Symfony\\Component\\Console\\Application->doRun()
#9 /home/bima/Documents/Developer/Laravel/erp_api/vendor/laravel/framework/src/Illuminate/Console/Application.php(102): Symfony\\Component\\Console\\Application->run()
#10 /home/bima/Documents/Developer/Laravel/erp_api/vendor/laravel/framework/src/Illuminate/Foundation/Console/Kernel.php(155): Illuminate\\Console\\Application->run()
#11 /home/bima/Documents/Developer/Laravel/erp_api/artisan(37): Illuminate\\Foundation\\Console\\Kernel->handle()
#12 {main}
"} 
[2023-06-14 03:39:00] local.ERROR: The "--columns" option does not exist. {"exception":"[object] (Symfony\\Component\\Console\\Exception\\RuntimeException(code: 0): The \"--columns\" option does not exist. at /home/bima/Documents/Developer/Laravel/erp_api/vendor/symfony/console/Input/ArgvInput.php:220)
[stacktrace]
#0 /home/bima/Documents/Developer/Laravel/erp_api/vendor/symfony/console/Input/ArgvInput.php(147): Symfony\\Component\\Console\\Input\\ArgvInput->addLongOption()
#1 /home/bima/Documents/Developer/Laravel/erp_api/vendor/symfony/console/Input/ArgvInput.php(82): Symfony\\Component\\Console\\Input\\ArgvInput->parseLongOption()
#2 /home/bima/Documents/Developer/Laravel/erp_api/vendor/symfony/console/Input/ArgvInput.php(71): Symfony\\Component\\Console\\Input\\ArgvInput->parseToken()
#3 /home/bima/Documents/Developer/Laravel/erp_api/vendor/symfony/console/Input/Input.php(55): Symfony\\Component\\Console\\Input\\ArgvInput->parse()
#4 /home/bima/Documents/Developer/Laravel/erp_api/vendor/symfony/console/Command/Command.php(250): Symfony\\Component\\Console\\Input\\Input->bind()
#5 /home/bima/Documents/Developer/Laravel/erp_api/vendor/laravel/framework/src/Illuminate/Console/Command.php(153): Symfony\\Component\\Console\\Command\\Command->run()
#6 /home/bima/Documents/Developer/Laravel/erp_api/vendor/symfony/console/Application.php(1014): Illuminate\\Console\\Command->run()
#7 /home/bima/Documents/Developer/Laravel/erp_api/vendor/symfony/console/Application.php(301): Symfony\\Component\\Console\\Application->doRunCommand()
#8 /home/bima/Documents/Developer/Laravel/erp_api/vendor/symfony/console/Application.php(171): Symfony\\Component\\Console\\Application->doRun()
#9 /home/bima/Documents/Developer/Laravel/erp_api/vendor/laravel/framework/src/Illuminate/Console/Application.php(102): Symfony\\Component\\Console\\Application->run()
#10 /home/bima/Documents/Developer/Laravel/erp_api/vendor/laravel/framework/src/Illuminate/Foundation/Console/Kernel.php(155): Illuminate\\Console\\Application->run()
#11 /home/bima/Documents/Developer/Laravel/erp_api/artisan(37): Illuminate\\Foundation\\Console\\Kernel->handle()
#12 {main}
"} 
[2023-06-14 09:52:52] local.ERROR: The "--columns" option does not exist. {"exception":"[object] (Symfony\\Component\\Console\\Exception\\RuntimeException(code: 0): The \"--columns\" option does not exist. at /home/bima/Documents/Developer/Laravel/erp_api/vendor/symfony/console/Input/ArgvInput.php:220)
[stacktrace]
#0 /home/bima/Documents/Developer/Laravel/erp_api/vendor/symfony/console/Input/ArgvInput.php(147): Symfony\\Component\\Console\\Input\\ArgvInput->addLongOption()
#1 /home/bima/Documents/Developer/Laravel/erp_api/vendor/symfony/console/Input/ArgvInput.php(82): Symfony\\Component\\Console\\Input\\ArgvInput->parseLongOption()
#2 /home/bima/Documents/Developer/Laravel/erp_api/vendor/symfony/console/Input/ArgvInput.php(71): Symfony\\Component\\Console\\Input\\ArgvInput->parseToken()
#3 /home/bima/Documents/Developer/Laravel/erp_api/vendor/symfony/console/Input/Input.php(55): Symfony\\Component\\Console\\Input\\ArgvInput->parse()
#4 /home/bima/Documents/Developer/Laravel/erp_api/vendor/symfony/console/Command/Command.php(250): Symfony\\Component\\Console\\Input\\Input->bind()
#5 /home/bima/Documents/Developer/Laravel/erp_api/vendor/laravel/framework/src/Illuminate/Console/Command.php(153): Symfony\\Component\\Console\\Command\\Command->run()
#6 /home/bima/Documents/Developer/Laravel/erp_api/vendor/symfony/console/Application.php(1014): Illuminate\\Console\\Command->run()
#7 /home/bima/Documents/Developer/Laravel/erp_api/vendor/symfony/console/Application.php(301): Symfony\\Component\\Console\\Application->doRunCommand()
#8 /home/bima/Documents/Developer/Laravel/erp_api/vendor/symfony/console/Application.php(171): Symfony\\Component\\Console\\Application->doRun()
#9 /home/bima/Documents/Developer/Laravel/erp_api/vendor/laravel/framework/src/Illuminate/Console/Application.php(102): Symfony\\Component\\Console\\Application->run()
#10 /home/bima/Documents/Developer/Laravel/erp_api/vendor/laravel/framework/src/Illuminate/Foundation/Console/Kernel.php(155): Illuminate\\Console\\Application->run()
#11 /home/bima/Documents/Developer/Laravel/erp_api/artisan(37): Illuminate\\Foundation\\Console\\Kernel->handle()
#12 {main}
"} 
[2023-06-14 09:52:54] local.ERROR: The "--columns" option does not exist. {"exception":"[object] (Symfony\\Component\\Console\\Exception\\RuntimeException(code: 0): The \"--columns\" option does not exist. at /home/bima/Documents/Developer/Laravel/erp_api/vendor/symfony/console/Input/ArgvInput.php:220)
[stacktrace]
#0 /home/bima/Documents/Developer/Laravel/erp_api/vendor/symfony/console/Input/ArgvInput.php(147): Symfony\\Component\\Console\\Input\\ArgvInput->addLongOption()
#1 /home/bima/Documents/Developer/Laravel/erp_api/vendor/symfony/console/Input/ArgvInput.php(82): Symfony\\Component\\Console\\Input\\ArgvInput->parseLongOption()
#2 /home/bima/Documents/Developer/Laravel/erp_api/vendor/symfony/console/Input/ArgvInput.php(71): Symfony\\Component\\Console\\Input\\ArgvInput->parseToken()
#3 /home/bima/Documents/Developer/Laravel/erp_api/vendor/symfony/console/Input/Input.php(55): Symfony\\Component\\Console\\Input\\ArgvInput->parse()
#4 /home/bima/Documents/Developer/Laravel/erp_api/vendor/symfony/console/Command/Command.php(250): Symfony\\Component\\Console\\Input\\Input->bind()
#5 /home/bima/Documents/Developer/Laravel/erp_api/vendor/laravel/framework/src/Illuminate/Console/Command.php(153): Symfony\\Component\\Console\\Command\\Command->run()
#6 /home/bima/Documents/Developer/Laravel/erp_api/vendor/symfony/console/Application.php(1014): Illuminate\\Console\\Command->run()
#7 /home/bima/Documents/Developer/Laravel/erp_api/vendor/symfony/console/Application.php(301): Symfony\\Component\\Console\\Application->doRunCommand()
#8 /home/bima/Documents/Developer/Laravel/erp_api/vendor/symfony/console/Application.php(171): Symfony\\Component\\Console\\Application->doRun()
#9 /home/bima/Documents/Developer/Laravel/erp_api/vendor/laravel/framework/src/Illuminate/Console/Application.php(102): Symfony\\Component\\Console\\Application->run()
#10 /home/bima/Documents/Developer/Laravel/erp_api/vendor/laravel/framework/src/Illuminate/Foundation/Console/Kernel.php(155): Illuminate\\Console\\Application->run()
#11 /home/bima/Documents/Developer/Laravel/erp_api/artisan(37): Illuminate\\Foundation\\Console\\Kernel->handle()
#12 {main}
"} 
[2023-06-14 09:52:56] local.ERROR: The "--columns" option does not exist. {"exception":"[object] (Symfony\\Component\\Console\\Exception\\RuntimeException(code: 0): The \"--columns\" option does not exist. at /home/bima/Documents/Developer/Laravel/erp_api/vendor/symfony/console/Input/ArgvInput.php:220)
[stacktrace]
#0 /home/bima/Documents/Developer/Laravel/erp_api/vendor/symfony/console/Input/ArgvInput.php(147): Symfony\\Component\\Console\\Input\\ArgvInput->addLongOption()
#1 /home/bima/Documents/Developer/Laravel/erp_api/vendor/symfony/console/Input/ArgvInput.php(82): Symfony\\Component\\Console\\Input\\ArgvInput->parseLongOption()
#2 /home/bima/Documents/Developer/Laravel/erp_api/vendor/symfony/console/Input/ArgvInput.php(71): Symfony\\Component\\Console\\Input\\ArgvInput->parseToken()
#3 /home/bima/Documents/Developer/Laravel/erp_api/vendor/symfony/console/Input/Input.php(55): Symfony\\Component\\Console\\Input\\ArgvInput->parse()
#4 /home/bima/Documents/Developer/Laravel/erp_api/vendor/symfony/console/Command/Command.php(250): Symfony\\Component\\Console\\Input\\Input->bind()
#5 /home/bima/Documents/Developer/Laravel/erp_api/vendor/laravel/framework/src/Illuminate/Console/Command.php(153): Symfony\\Component\\Console\\Command\\Command->run()
#6 /home/bima/Documents/Developer/Laravel/erp_api/vendor/symfony/console/Application.php(1014): Illuminate\\Console\\Command->run()
#7 /home/bima/Documents/Developer/Laravel/erp_api/vendor/symfony/console/Application.php(301): Symfony\\Component\\Console\\Application->doRunCommand()
#8 /home/bima/Documents/Developer/Laravel/erp_api/vendor/symfony/console/Application.php(171): Symfony\\Component\\Console\\Application->doRun()
#9 /home/bima/Documents/Developer/Laravel/erp_api/vendor/laravel/framework/src/Illuminate/Console/Application.php(102): Symfony\\Component\\Console\\Application->run()
#10 /home/bima/Documents/Developer/Laravel/erp_api/vendor/laravel/framework/src/Illuminate/Foundation/Console/Kernel.php(155): Illuminate\\Console\\Application->run()
#11 /home/bima/Documents/Developer/Laravel/erp_api/artisan(37): Illuminate\\Foundation\\Console\\Kernel->handle()
#12 {main}
"} 
